<?xml version="1.0" encoding="UTF-8"?>
<testng-results skipped="0" failed="0" ignored="0" total="1" passed="1">
  <reporter-output>
  </reporter-output>
  <suite name="Default suite" duration-ms="38774" started-at="2019-09-07T07:45:44Z" finished-at="2019-09-07T07:46:23Z">
    <groups>
    </groups>
    <test name="Default test" duration-ms="38774" started-at="2019-09-07T07:45:44Z" finished-at="2019-09-07T07:46:23Z">
      <class name="com.durgasoft.selenium.test.HMS_Login_Logout_Excel_API">
        <test-method status="PASS" signature="beforeTest()[pri:0, instance:com.durgasoft.selenium.test.HMS_Login_Logout_Excel_API@87f383f]" name="beforeTest" is-config="true" duration-ms="28393" started-at="2019-09-07T07:45:44Z" finished-at="2019-09-07T07:46:12Z">
          <reporter-output>
          </reporter-output>
        </test-method> <!-- beforeTest -->
        <test-method status="PASS" signature="f()[pri:0, instance:com.durgasoft.selenium.test.HMS_Login_Logout_Excel_API@87f383f]" name="f" duration-ms="10172" started-at="2019-09-07T07:46:13Z" finished-at="2019-09-07T07:46:23Z">
          <reporter-output>
          </reporter-output>
        </test-method> <!-- f -->
      </class> <!-- com.durgasoft.selenium.test.HMS_Login_Logout_Excel_API -->
    </test> <!-- Default test -->
  </suite> <!-- Default suite -->
</testng-results>
